2020.06.04 15:03:26 INFO  started: Metals version 0.9.0 in workspace 'F:\Module\Software Engineering\MS_Supermarkt'
2020.06.04 15:03:28 INFO  time: initialize in 1.64s
2020.06.04 15:03:29 WARN  no build tool detected in workspace 'F:\Module\Software Engineering\MS_Supermarkt'. The most common cause for this problem is that the editor was opened in the wrong working directory, for example if you use sbt then the workspace directory should contain build.sbt. 
2020.06.04 15:12:41 INFO  shutting down Metals
2020.06.05 16:35:13 INFO  started: Metals version 0.9.0 in workspace 'F:\Module\Software Engineering\MS_Supermarkt'
2020.06.05 16:35:15 INFO  time: initialize in 1.53s
2020.06.05 16:35:17 WARN  no build tool detected in workspace 'F:\Module\Software Engineering\MS_Supermarkt'. The most common cause for this problem is that the editor was opened in the wrong working directory, for example if you use sbt then the workspace directory should contain build.sbt. 
2020.06.05 16:58:16 INFO  no build target: using presentation compiler with only scala-library
2020.06.05 16:58:20 WARN  no build target for: F:\Module\Software Engineering\MS_Supermarkt\frontend\src\test\scala\ArticleTests.scala
2020.06.07 14:45:46 INFO  started: Metals version 0.9.0 in workspace 'F:\Module\Software Engineering\MS_Supermarkt'
2020.06.07 14:45:48 INFO  time: initialize in 1.49s
2020.06.07 14:45:53 WARN  no build tool detected in workspace 'F:\Module\Software Engineering\MS_Supermarkt'. The most common cause for this problem is that the editor was opened in the wrong working directory, for example if you use sbt then the workspace directory should contain build.sbt. 
2020.06.07 14:45:53 INFO  no build target: using presentation compiler with only scala-library
2020.06.07 14:45:56 WARN  no build target for: F:\Module\Software Engineering\MS_Supermarkt\frontend\src\main\scala\Main.scala
2020.06.07 15:12:39 INFO  shutting down Metals
2020.06.09 15:12:17 INFO  started: Metals version 0.9.0 in workspace 'F:\Module\Software Engineering\MS_Supermarkt'
2020.06.09 15:12:19 INFO  time: initialize in 1.6s
2020.06.09 15:12:24 WARN  no build tool detected in workspace 'F:\Module\Software Engineering\MS_Supermarkt'. The most common cause for this problem is that the editor was opened in the wrong working directory, for example if you use sbt then the workspace directory should contain build.sbt. 
2020.06.09 15:12:24 INFO  no build target: using presentation compiler with only scala-library
2020.06.09 15:12:29 WARN  no build target for: F:\Module\Software Engineering\MS_Supermarkt\frontend\src\main\scala\Main.scala
2020.06.09 15:22:05 WARN  no build target for: F:\Module\Software Engineering\MS_Supermarkt\backend\app\controllers\HomeController.scala
2020.06.09 15:22:05 WARN  no build target for: F:\Module\Software Engineering\MS_Supermarkt\backend\app\controllers\OrderServiceRouter.scala
2020.06.09 15:22:07 WARN  no build target for: F:\Module\Software Engineering\MS_Supermarkt\backend\app\controllers\HomeController.scala
2020.06.09 15:27:22 WARN  no build tool detected in workspace 'F:\Module\Software Engineering\MS_Supermarkt'. The most common cause for this problem is that the editor was opened in the wrong working directory, for example if you use sbt then the workspace directory should contain build.sbt. 
2020.06.09 15:27:22 WARN  no build target for: F:\Module\Software Engineering\MS_Supermarkt\backend\app\controllers\HomeController.scala
2020.06.09 15:35:22 WARN  no build target for: F:\Module\Software Engineering\MS_Supermarkt\backend\app\controllers\HomeController.scala
2020.06.09 15:35:54 WARN  no build target for: F:\Module\Software Engineering\MS_Supermarkt\backend\app\controllers\HomeController.scala
Juni 09, 2020 3:35:58 NACHM. org.eclipse.lsp4j.jsonrpc.services.GenericEndpoint notify
INFO: Unsupported notification method: $/setTraceNotification
2020.06.09 15:36:32 WARN  no build target for: F:\Module\Software Engineering\MS_Supermarkt\backend\app\controllers\HomeController.scala
2020.06.09 15:36:35 WARN  no build target for: F:\Module\Software Engineering\MS_Supermarkt\backend\app\controllers\HomeController.scala
2020.06.09 15:36:56 WARN  no build target for: F:\Module\Software Engineering\MS_Supermarkt\backend\app\controllers\HomeController.scala
2020.06.09 15:37:18 WARN  no build target for: F:\Module\Software Engineering\MS_Supermarkt\backend\app\controllers\HomeController.scala
2020.06.09 15:40:31 WARN  no build target for: F:\Module\Software Engineering\MS_Supermarkt\backend\app\controllers\HomeController.scala
2020.06.09 15:40:31 WARN  no build tool detected in workspace 'F:\Module\Software Engineering\MS_Supermarkt'. The most common cause for this problem is that the editor was opened in the wrong working directory, for example if you use sbt then the workspace directory should contain build.sbt. 
2020.06.09 15:40:32 WARN  no build target for: F:\Module\Software Engineering\MS_Supermarkt\backend\app\controllers\HomeController.scala
2020.06.09 15:41:02 WARN  no build target for: F:\Module\Software Engineering\MS_Supermarkt\backend\app\controllers\HomeController.scala
2020.06.09 15:48:54 WARN  no build tool detected in workspace 'F:\Module\Software Engineering\MS_Supermarkt'. The most common cause for this problem is that the editor was opened in the wrong working directory, for example if you use sbt then the workspace directory should contain build.sbt. 
2020.06.09 15:48:56 WARN  no build target for: F:\Module\Software Engineering\MS_Supermarkt\backend\app\controllers\HomeController.scala
2020.06.09 15:54:24 WARN  no build target for: F:\Module\Software Engineering\MS_Supermarkt\backend\app\controllers\HomeController.scala
2020.06.09 15:56:34 WARN  no build target for: F:\Module\Software Engineering\MS_Supermarkt\backend\app\controllers\HomeController.scala
2020.06.09 15:56:44 WARN  no build target for: F:\Module\Software Engineering\MS_Supermarkt\backend\app\controllers\HomeController.scala
2020.06.09 15:57:16 WARN  no build target for: F:\Module\Software Engineering\MS_Supermarkt\backend\app\controllers\HomeController.scala
2020.06.09 15:57:47 WARN  no build target for: F:\Module\Software Engineering\MS_Supermarkt\backend\app\controllers\HomeController.scala
2020.06.09 15:58:10 WARN  no build target for: F:\Module\Software Engineering\MS_Supermarkt\backend\app\controllers\HomeController.scala
Juni 09, 2020 4:05:17 NACHM. org.eclipse.lsp4j.jsonrpc.services.GenericEndpoint notify
INFO: Unsupported notification method: $/setTraceNotification
2020.06.09 16:05:29 WARN  no build target for: F:\Module\Software Engineering\MS_Supermarkt\frontend\src\main\scala\Main.scala
2020.06.09 16:05:30 WARN  no build target for: F:\Module\Software Engineering\MS_Supermarkt\frontend\src\main\scala\test.scala
2020.06.09 16:05:33 WARN  no build target for: F:\Module\Software Engineering\MS_Supermarkt\frontend\src\main\scala\Main.scala
something's wrong: no file:///f%3A/Module/Software%20Engineering/MS_Supermarkt/frontend/src/main/scala/Main.scala in Array[String]RangePosition(file:///f%3A/Module/Software%20Engineering/MS_Supermarkt/frontend/src/main/scala/Main.scala, 574, 574, 587)
2020.06.09 16:05:40 WARN  no build target for: F:\Module\Software Engineering\MS_Supermarkt\frontend\src\main\scala\test.scala
2020.06.09 16:05:46 WARN  no build target for: F:\Module\Software Engineering\MS_Supermarkt\frontend\src\main\scala\Main.scala
2020.06.09 16:20:17 WARN  no build tool detected in workspace 'F:\Module\Software Engineering\MS_Supermarkt'. The most common cause for this problem is that the editor was opened in the wrong working directory, for example if you use sbt then the workspace directory should contain build.sbt. 
2020.06.09 16:20:19 WARN  no build target for: F:\Module\Software Engineering\MS_Supermarkt\backend\app\controllers\HomeController.scala
2020.06.09 16:25:12 WARN  no build tool detected in workspace 'F:\Module\Software Engineering\MS_Supermarkt'. The most common cause for this problem is that the editor was opened in the wrong working directory, for example if you use sbt then the workspace directory should contain build.sbt. 
2020.06.09 16:25:51 WARN  no build tool detected in workspace 'F:\Module\Software Engineering\MS_Supermarkt'. The most common cause for this problem is that the editor was opened in the wrong working directory, for example if you use sbt then the workspace directory should contain build.sbt. 
2020.06.09 16:25:51 WARN  no build target for: F:\Module\Software Engineering\MS_Supermarkt\backend\app\controllers\HomeController.scala
2020.06.09 16:43:47 WARN  no build target for: F:\Module\Software Engineering\MS_Supermarkt\backend\app\controllers\HomeController.scala
2020.06.09 16:55:02 WARN  no build target for: F:\Module\Software Engineering\MS_Supermarkt\backend\app\controllers\HomeController.scala
2020.06.09 17:00:48 WARN  no build target for: F:\Module\Software Engineering\MS_Supermarkt\backend\app\controllers\HomeController.scala
2020.06.09 17:36:34 WARN  no build tool detected in workspace 'F:\Module\Software Engineering\MS_Supermarkt'. The most common cause for this problem is that the editor was opened in the wrong working directory, for example if you use sbt then the workspace directory should contain build.sbt. 
2020.06.09 17:36:37 WARN  no build target for: F:\Module\Software Engineering\MS_Supermarkt\backend\app\controllers\HomeController.scala
2020.06.09 17:41:00 WARN  no build tool detected in workspace 'F:\Module\Software Engineering\MS_Supermarkt'. The most common cause for this problem is that the editor was opened in the wrong working directory, for example if you use sbt then the workspace directory should contain build.sbt. 
2020.06.09 17:41:00 WARN  no build tool detected in workspace 'F:\Module\Software Engineering\MS_Supermarkt'. The most common cause for this problem is that the editor was opened in the wrong working directory, for example if you use sbt then the workspace directory should contain build.sbt. 
2020.06.09 17:41:03 WARN  no build tool detected in workspace 'F:\Module\Software Engineering\MS_Supermarkt'. The most common cause for this problem is that the editor was opened in the wrong working directory, for example if you use sbt then the workspace directory should contain build.sbt. 
2020.06.09 17:41:03 WARN  no build target for: F:\Module\Software Engineering\MS_Supermarkt\backend\app\controllers\HomeController.scala
2020.06.09 17:41:05 WARN  no build target for: F:\Module\Software Engineering\MS_Supermarkt\backend\app\controllers\HomeController.scala
2020.06.09 17:46:27 WARN  no build target for: F:\Module\Software Engineering\MS_Supermarkt\backend\app\controllers\HomeController.scala
2020.06.09 17:51:00 WARN  no build target for: F:\Module\Software Engineering\MS_Supermarkt\backend\app\controllers\HomeController.scala
2020.06.09 17:58:22 WARN  no build tool detected in workspace 'F:\Module\Software Engineering\MS_Supermarkt'. The most common cause for this problem is that the editor was opened in the wrong working directory, for example if you use sbt then the workspace directory should contain build.sbt. 
2020.06.09 17:58:23 WARN  no build target for: F:\Module\Software Engineering\MS_Supermarkt\backend\app\controllers\HomeController.scala
2020.06.09 18:02:39 WARN  no build tool detected in workspace 'F:\Module\Software Engineering\MS_Supermarkt'. The most common cause for this problem is that the editor was opened in the wrong working directory, for example if you use sbt then the workspace directory should contain build.sbt. 
2020.06.09 18:02:39 WARN  no build target for: F:\Module\Software Engineering\MS_Supermarkt\backend\app\controllers\HomeController.scala
2020.06.09 18:03:23 WARN  no build tool detected in workspace 'F:\Module\Software Engineering\MS_Supermarkt'. The most common cause for this problem is that the editor was opened in the wrong working directory, for example if you use sbt then the workspace directory should contain build.sbt. 
2020.06.09 18:03:25 WARN  no build target for: F:\Module\Software Engineering\MS_Supermarkt\backend\app\controllers\HomeController.scala
2020.06.09 18:09:28 WARN  no build target for: F:\Module\Software Engineering\MS_Supermarkt\backend\app\controllers\HomeController.scala
2020.06.09 18:13:33 WARN  no build target for: F:\Module\Software Engineering\MS_Supermarkt\backend\app\controllers\HomeController.scala
2020.06.09 18:24:00 WARN  no build target for: F:\Module\Software Engineering\MS_Supermarkt\backend\app\controllers\HomeController.scala
2020.06.09 18:38:17 WARN  no build tool detected in workspace 'F:\Module\Software Engineering\MS_Supermarkt'. The most common cause for this problem is that the editor was opened in the wrong working directory, for example if you use sbt then the workspace directory should contain build.sbt. 
2020.06.09 18:38:17 WARN  no build tool detected in workspace 'F:\Module\Software Engineering\MS_Supermarkt'. The most common cause for this problem is that the editor was opened in the wrong working directory, for example if you use sbt then the workspace directory should contain build.sbt. 
2020.06.09 18:38:17 WARN  no build target for: F:\Module\Software Engineering\MS_Supermarkt\backend\app\controllers\HomeController.scala
2020.06.09 18:38:41 WARN  no build target for: F:\Module\Software Engineering\MS_Supermarkt\backend\app\controllers\HomeController.scala
2020.06.09 18:43:09 WARN  no build target for: F:\Module\Software Engineering\MS_Supermarkt\backend\app\controllers\HomeController.scala
2020.06.09 18:47:12 WARN  no build target for: F:\Module\Software Engineering\MS_Supermarkt\backend\app\controllers\HomeController.scala
2020.06.09 18:47:22 WARN  no build tool detected in workspace 'F:\Module\Software Engineering\MS_Supermarkt'. The most common cause for this problem is that the editor was opened in the wrong working directory, for example if you use sbt then the workspace directory should contain build.sbt. 
2020.06.09 18:47:22 WARN  no build target for: F:\Module\Software Engineering\MS_Supermarkt\backend\app\controllers\HomeController.scala
2020.06.09 18:55:36 WARN  no build tool detected in workspace 'F:\Module\Software Engineering\MS_Supermarkt'. The most common cause for this problem is that the editor was opened in the wrong working directory, for example if you use sbt then the workspace directory should contain build.sbt. 
2020.06.09 18:55:36 WARN  no build tool detected in workspace 'F:\Module\Software Engineering\MS_Supermarkt'. The most common cause for this problem is that the editor was opened in the wrong working directory, for example if you use sbt then the workspace directory should contain build.sbt. 
2020.06.09 18:55:39 WARN  no build tool detected in workspace 'F:\Module\Software Engineering\MS_Supermarkt'. The most common cause for this problem is that the editor was opened in the wrong working directory, for example if you use sbt then the workspace directory should contain build.sbt. 
2020.06.09 18:55:41 WARN  no build tool detected in workspace 'F:\Module\Software Engineering\MS_Supermarkt'. The most common cause for this problem is that the editor was opened in the wrong working directory, for example if you use sbt then the workspace directory should contain build.sbt. 
2020.06.09 18:55:41 WARN  no build target for: F:\Module\Software Engineering\MS_Supermarkt\backend\app\controllers\HomeController.scala
2020.06.09 18:56:20 WARN  no build target for: F:\Module\Software Engineering\MS_Supermarkt\backend\app\controllers\HomeController.scala
2020.06.09 18:58:37 WARN  no build target for: F:\Module\Software Engineering\MS_Supermarkt\backend\app\controllers\HomeController.scala
2020.06.09 18:58:44 WARN  no build target for: F:\Module\Software Engineering\MS_Supermarkt\backend\app\controllers\HomeController.scala
2020.06.09 18:59:38 WARN  no build target for: F:\Module\Software Engineering\MS_Supermarkt\backend\app\controllers\HomeController.scala
2020.06.09 19:05:33 WARN  no build target for: F:\Module\Software Engineering\MS_Supermarkt\backend\app\controllers\HomeController.scala
2020.06.09 19:05:36 WARN  no build tool detected in workspace 'F:\Module\Software Engineering\MS_Supermarkt'. The most common cause for this problem is that the editor was opened in the wrong working directory, for example if you use sbt then the workspace directory should contain build.sbt. 
2020.06.09 19:05:36 WARN  no build tool detected in workspace 'F:\Module\Software Engineering\MS_Supermarkt'. The most common cause for this problem is that the editor was opened in the wrong working directory, for example if you use sbt then the workspace directory should contain build.sbt. 
2020.06.09 19:05:38 WARN  no build target for: F:\Module\Software Engineering\MS_Supermarkt\backend\app\controllers\HomeController.scala
2020.06.09 19:05:52 WARN  no build tool detected in workspace 'F:\Module\Software Engineering\MS_Supermarkt'. The most common cause for this problem is that the editor was opened in the wrong working directory, for example if you use sbt then the workspace directory should contain build.sbt. 
2020.06.09 19:06:52 WARN  no build target for: F:\Module\Software Engineering\MS_Supermarkt\backend\app\controllers\HomeController.scala
2020.06.09 19:07:13 WARN  no build target for: F:\Module\Software Engineering\MS_Supermarkt\backend\app\controllers\HomeController.scala
2020.06.09 19:07:17 WARN  no build target for: F:\Module\Software Engineering\MS_Supermarkt\backend\app\controllers\HomeController.scala
2020.06.09 19:07:24 WARN  no build tool detected in workspace 'F:\Module\Software Engineering\MS_Supermarkt'. The most common cause for this problem is that the editor was opened in the wrong working directory, for example if you use sbt then the workspace directory should contain build.sbt. 
2020.06.09 19:07:25 WARN  no build tool detected in workspace 'F:\Module\Software Engineering\MS_Supermarkt'. The most common cause for this problem is that the editor was opened in the wrong working directory, for example if you use sbt then the workspace directory should contain build.sbt. 
2020.06.09 19:07:25 WARN  no build tool detected in workspace 'F:\Module\Software Engineering\MS_Supermarkt'. The most common cause for this problem is that the editor was opened in the wrong working directory, for example if you use sbt then the workspace directory should contain build.sbt. 
2020.06.09 19:07:28 WARN  no build target for: F:\Module\Software Engineering\MS_Supermarkt\backend\app\controllers\HomeController.scala
2020.06.09 19:07:32 WARN  no build target for: F:\Module\Software Engineering\MS_Supermarkt\backend\app\controllers\HomeController.scala
2020.06.09 19:08:39 WARN  no build target for: F:\Module\Software Engineering\MS_Supermarkt\backend\app\controllers\HomeController.scala
2020.06.09 19:08:41 WARN  no build tool detected in workspace 'F:\Module\Software Engineering\MS_Supermarkt'. The most common cause for this problem is that the editor was opened in the wrong working directory, for example if you use sbt then the workspace directory should contain build.sbt. 
2020.06.09 19:08:45 WARN  no build target for: F:\Module\Software Engineering\MS_Supermarkt\backend\app\controllers\HomeController.scala
2020.06.09 19:12:43 WARN  no build target for: F:\Module\Software Engineering\MS_Supermarkt\backend\app\controllers\HomeController.scala
2020.06.09 19:12:44 WARN  no build target for: F:\Module\Software Engineering\MS_Supermarkt\backend\app\controllers\HomeController.scala
2020.06.09 19:17:49 WARN  no build target for: F:\Module\Software Engineering\MS_Supermarkt\backend\app\controllers\Article.scala
2020.06.09 19:17:50 WARN  no build target for: F:\Module\Software Engineering\MS_Supermarkt\backend\app\controllers\Article.scala
2020.06.09 19:17:56 WARN  no build tool detected in workspace 'F:\Module\Software Engineering\MS_Supermarkt'. The most common cause for this problem is that the editor was opened in the wrong working directory, for example if you use sbt then the workspace directory should contain build.sbt. 
2020.06.09 19:18:55 WARN  no build target for: F:\Module\Software Engineering\MS_Supermarkt\backend\app\controllers\Article.scala
2020.06.09 19:19:02 WARN  no build target for: F:\Module\Software Engineering\MS_Supermarkt\backend\app\controllers\Article.scala
2020.06.09 19:20:10 WARN  no build tool detected in workspace 'F:\Module\Software Engineering\MS_Supermarkt'. The most common cause for this problem is that the editor was opened in the wrong working directory, for example if you use sbt then the workspace directory should contain build.sbt. 
2020.06.09 19:20:10 WARN  no build tool detected in workspace 'F:\Module\Software Engineering\MS_Supermarkt'. The most common cause for this problem is that the editor was opened in the wrong working directory, for example if you use sbt then the workspace directory should contain build.sbt. 
2020.06.09 19:20:45 WARN  no build target for: F:\Module\Software Engineering\MS_Supermarkt\backend\app\controllers\HomeController.scala
2020.06.09 19:21:02 WARN  no build tool detected in workspace 'F:\Module\Software Engineering\MS_Supermarkt'. The most common cause for this problem is that the editor was opened in the wrong working directory, for example if you use sbt then the workspace directory should contain build.sbt. 
2020.06.09 19:21:06 WARN  no build tool detected in workspace 'F:\Module\Software Engineering\MS_Supermarkt'. The most common cause for this problem is that the editor was opened in the wrong working directory, for example if you use sbt then the workspace directory should contain build.sbt. 
2020.06.09 19:21:26 WARN  no build target for: F:\Module\Software Engineering\MS_Supermarkt\backend\app\controllers\HomeController.scala
2020.06.09 19:21:32 WARN  no build tool detected in workspace 'F:\Module\Software Engineering\MS_Supermarkt'. The most common cause for this problem is that the editor was opened in the wrong working directory, for example if you use sbt then the workspace directory should contain build.sbt. 
2020.06.09 19:21:32 WARN  no build tool detected in workspace 'F:\Module\Software Engineering\MS_Supermarkt'. The most common cause for this problem is that the editor was opened in the wrong working directory, for example if you use sbt then the workspace directory should contain build.sbt. 
2020.06.09 19:21:35 WARN  no build target for: F:\Module\Software Engineering\MS_Supermarkt\backend\app\controllers\HomeController.scala
2020.06.09 19:21:40 WARN  no build tool detected in workspace 'F:\Module\Software Engineering\MS_Supermarkt'. The most common cause for this problem is that the editor was opened in the wrong working directory, for example if you use sbt then the workspace directory should contain build.sbt. 
2020.06.09 19:21:40 WARN  no build target for: F:\Module\Software Engineering\MS_Supermarkt\backend\app\controllers\HomeController.scala
2020.06.09 19:21:51 WARN  no build tool detected in workspace 'F:\Module\Software Engineering\MS_Supermarkt'. The most common cause for this problem is that the editor was opened in the wrong working directory, for example if you use sbt then the workspace directory should contain build.sbt. 
2020.06.09 19:21:54 WARN  no build target for: F:\Module\Software Engineering\MS_Supermarkt\backend\app\controllers\HomeController.scala
2020.06.09 19:26:36 WARN  no build tool detected in workspace 'F:\Module\Software Engineering\MS_Supermarkt'. The most common cause for this problem is that the editor was opened in the wrong working directory, for example if you use sbt then the workspace directory should contain build.sbt. 
2020.06.09 19:26:56 WARN  no build target for: F:\Module\Software Engineering\MS_Supermarkt\backend\app\controllers\HomeController.scala
2020.06.09 19:53:27 WARN  no build target for: F:\Module\Software Engineering\MS_Supermarkt\backend\app\controllers\HomeController.scala
2020.06.09 19:58:13 WARN  no build target for: F:\Module\Software Engineering\MS_Supermarkt\backend\app\controllers\OrderServiceRouter.scala
2020.06.09 20:00:45 WARN  no build tool detected in workspace 'F:\Module\Software Engineering\MS_Supermarkt'. The most common cause for this problem is that the editor was opened in the wrong working directory, for example if you use sbt then the workspace directory should contain build.sbt. 
2020.06.09 20:00:45 WARN  no build tool detected in workspace 'F:\Module\Software Engineering\MS_Supermarkt'. The most common cause for this problem is that the editor was opened in the wrong working directory, for example if you use sbt then the workspace directory should contain build.sbt. 
2020.06.09 20:00:46 WARN  no build target for: F:\Module\Software Engineering\MS_Supermarkt\backend\app\controllers\HomeController.scala
2020.06.09 20:01:01 WARN  no build tool detected in workspace 'F:\Module\Software Engineering\MS_Supermarkt'. The most common cause for this problem is that the editor was opened in the wrong working directory, for example if you use sbt then the workspace directory should contain build.sbt. 
2020.06.09 20:01:01 WARN  no build target for: F:\Module\Software Engineering\MS_Supermarkt\backend\app\controllers\Article.scala
2020.06.09 20:06:44 WARN  no build tool detected in workspace 'F:\Module\Software Engineering\MS_Supermarkt'. The most common cause for this problem is that the editor was opened in the wrong working directory, for example if you use sbt then the workspace directory should contain build.sbt. 
2020.06.09 20:06:44 WARN  no build tool detected in workspace 'F:\Module\Software Engineering\MS_Supermarkt'. The most common cause for this problem is that the editor was opened in the wrong working directory, for example if you use sbt then the workspace directory should contain build.sbt. 
2020.06.09 20:06:44 WARN  no build tool detected in workspace 'F:\Module\Software Engineering\MS_Supermarkt'. The most common cause for this problem is that the editor was opened in the wrong working directory, for example if you use sbt then the workspace directory should contain build.sbt. 
2020.06.09 20:06:45 WARN  no build tool detected in workspace 'F:\Module\Software Engineering\MS_Supermarkt'. The most common cause for this problem is that the editor was opened in the wrong working directory, for example if you use sbt then the workspace directory should contain build.sbt. 
2020.06.09 20:06:45 WARN  no build tool detected in workspace 'F:\Module\Software Engineering\MS_Supermarkt'. The most common cause for this problem is that the editor was opened in the wrong working directory, for example if you use sbt then the workspace directory should contain build.sbt. 
2020.06.09 20:06:51 WARN  no build target for: F:\Module\Software Engineering\MS_Supermarkt\backend\app\controllers\HomeController.scala
2020.06.09 20:07:15 WARN  no build target for: F:\Module\Software Engineering\MS_Supermarkt\backend\app\controllers\HomeController.scala
Juni 09, 2020 8:07:21 NACHM. org.eclipse.lsp4j.jsonrpc.RemoteEndpoint handleCancellation
WARNING: Unmatched cancel notification for request id 4073
2020.06.09 20:07:24 WARN  no build target for: F:\Module\Software Engineering\MS_Supermarkt\backend\app\controllers\HomeController.scala
2020.06.09 20:07:38 WARN  no build tool detected in workspace 'F:\Module\Software Engineering\MS_Supermarkt'. The most common cause for this problem is that the editor was opened in the wrong working directory, for example if you use sbt then the workspace directory should contain build.sbt. 
2020.06.09 20:07:38 WARN  no build target for: F:\Module\Software Engineering\MS_Supermarkt\backend\app\controllers\HomeController.scala
2020.06.09 20:07:50 WARN  no build tool detected in workspace 'F:\Module\Software Engineering\MS_Supermarkt'. The most common cause for this problem is that the editor was opened in the wrong working directory, for example if you use sbt then the workspace directory should contain build.sbt. 
2020.06.09 20:07:50 WARN  no build tool detected in workspace 'F:\Module\Software Engineering\MS_Supermarkt'. The most common cause for this problem is that the editor was opened in the wrong working directory, for example if you use sbt then the workspace directory should contain build.sbt. 
2020.06.09 20:07:50 WARN  no build tool detected in workspace 'F:\Module\Software Engineering\MS_Supermarkt'. The most common cause for this problem is that the editor was opened in the wrong working directory, for example if you use sbt then the workspace directory should contain build.sbt. 
2020.06.09 20:07:50 WARN  no build target for: F:\Module\Software Engineering\MS_Supermarkt\backend\app\controllers\HomeController.scala
2020.06.09 20:08:02 WARN  no build target for: F:\Module\Software Engineering\MS_Supermarkt\backend\app\controllers\HomeController.scala
2020.06.09 20:35:16 WARN  no build target for: F:\Module\Software Engineering\MS_Supermarkt\backend\app\controllers\HomeController.scala
2020.06.09 20:50:35 WARN  no build tool detected in workspace 'F:\Module\Software Engineering\MS_Supermarkt'. The most common cause for this problem is that the editor was opened in the wrong working directory, for example if you use sbt then the workspace directory should contain build.sbt. 
2020.06.09 20:50:35 WARN  no build tool detected in workspace 'F:\Module\Software Engineering\MS_Supermarkt'. The most common cause for this problem is that the editor was opened in the wrong working directory, for example if you use sbt then the workspace directory should contain build.sbt. 
2020.06.09 20:50:35 WARN  no build tool detected in workspace 'F:\Module\Software Engineering\MS_Supermarkt'. The most common cause for this problem is that the editor was opened in the wrong working directory, for example if you use sbt then the workspace directory should contain build.sbt. 
2020.06.09 21:13:39 WARN  no build tool detected in workspace 'F:\Module\Software Engineering\MS_Supermarkt'. The most common cause for this problem is that the editor was opened in the wrong working directory, for example if you use sbt then the workspace directory should contain build.sbt. 
2020.06.09 21:13:39 WARN  no build tool detected in workspace 'F:\Module\Software Engineering\MS_Supermarkt'. The most common cause for this problem is that the editor was opened in the wrong working directory, for example if you use sbt then the workspace directory should contain build.sbt. 
2020.06.09 21:13:41 WARN  no build tool detected in workspace 'F:\Module\Software Engineering\MS_Supermarkt'. The most common cause for this problem is that the editor was opened in the wrong working directory, for example if you use sbt then the workspace directory should contain build.sbt. 
2020.06.09 21:13:53 WARN  no build tool detected in workspace 'F:\Module\Software Engineering\MS_Supermarkt'. The most common cause for this problem is that the editor was opened in the wrong working directory, for example if you use sbt then the workspace directory should contain build.sbt. 
2020.06.09 21:14:01 WARN  no build tool detected in workspace 'F:\Module\Software Engineering\MS_Supermarkt'. The most common cause for this problem is that the editor was opened in the wrong working directory, for example if you use sbt then the workspace directory should contain build.sbt. 
2020.06.09 21:14:09 WARN  no build tool detected in workspace 'F:\Module\Software Engineering\MS_Supermarkt'. The most common cause for this problem is that the editor was opened in the wrong working directory, for example if you use sbt then the workspace directory should contain build.sbt. 
2020.06.09 21:14:11 WARN  no build tool detected in workspace 'F:\Module\Software Engineering\MS_Supermarkt'. The most common cause for this problem is that the editor was opened in the wrong working directory, for example if you use sbt then the workspace directory should contain build.sbt. 
2020.06.09 21:14:11 ERROR scalafmt: F:\Module\Software Engineering\MS_Supermarkt\backend\app\controllers\HomeController.scala:116: error: } expected but end of file found

^
2020.06.09 21:14:13 WARN  no build tool detected in workspace 'F:\Module\Software Engineering\MS_Supermarkt'. The most common cause for this problem is that the editor was opened in the wrong working directory, for example if you use sbt then the workspace directory should contain build.sbt. 
2020.06.09 21:14:13 WARN  no build tool detected in workspace 'F:\Module\Software Engineering\MS_Supermarkt'. The most common cause for this problem is that the editor was opened in the wrong working directory, for example if you use sbt then the workspace directory should contain build.sbt. 
2020.06.09 21:14:21 WARN  no build tool detected in workspace 'F:\Module\Software Engineering\MS_Supermarkt'. The most common cause for this problem is that the editor was opened in the wrong working directory, for example if you use sbt then the workspace directory should contain build.sbt. 
2020.06.09 21:14:21 WARN  no build tool detected in workspace 'F:\Module\Software Engineering\MS_Supermarkt'. The most common cause for this problem is that the editor was opened in the wrong working directory, for example if you use sbt then the workspace directory should contain build.sbt. 
2020.06.09 21:14:21 WARN  no build target for: F:\Module\Software Engineering\MS_Supermarkt\backend\app\controllers\HomeController.scala
2020.06.09 21:14:21 WARN  no build tool detected in workspace 'F:\Module\Software Engineering\MS_Supermarkt'. The most common cause for this problem is that the editor was opened in the wrong working directory, for example if you use sbt then the workspace directory should contain build.sbt. 
2020.06.09 21:14:22 ERROR scalafmt: F:\Module\Software Engineering\MS_Supermarkt\backend\app\controllers\HomeController.scala:116: error: } expected but end of file found

^
2020.06.09 21:14:28 WARN  no build target for: F:\Module\Software Engineering\MS_Supermarkt\backend\app\controllers\HomeController.scala
2020.06.09 21:15:43 WARN  no build target for: F:\Module\Software Engineering\MS_Supermarkt\backend\app\controllers\HomeController.scala
2020.06.09 21:15:57 WARN  no build target for: F:\Module\Software Engineering\MS_Supermarkt\backend\app\controllers\HomeController.scala
2020.06.09 21:16:03 WARN  no build target for: F:\Module\Software Engineering\MS_Supermarkt\backend\app\controllers\HomeController.scala
2020.06.09 21:21:35 WARN  no build tool detected in workspace 'F:\Module\Software Engineering\MS_Supermarkt'. The most common cause for this problem is that the editor was opened in the wrong working directory, for example if you use sbt then the workspace directory should contain build.sbt. 
2020.06.09 21:21:35 WARN  no build target for: F:\Module\Software Engineering\MS_Supermarkt\backend\app\controllers\HomeController.scala
2020.06.09 21:21:38 WARN  no build tool detected in workspace 'F:\Module\Software Engineering\MS_Supermarkt'. The most common cause for this problem is that the editor was opened in the wrong working directory, for example if you use sbt then the workspace directory should contain build.sbt. 
2020.06.09 21:21:38 WARN  no build target for: F:\Module\Software Engineering\MS_Supermarkt\backend\app\controllers\HomeController.scala
2020.06.09 21:24:12 WARN  no build target for: F:\Module\Software Engineering\MS_Supermarkt\backend\app\controllers\HomeController.scala
2020.06.09 21:25:19 WARN  no build tool detected in workspace 'F:\Module\Software Engineering\MS_Supermarkt'. The most common cause for this problem is that the editor was opened in the wrong working directory, for example if you use sbt then the workspace directory should contain build.sbt. 
2020.06.09 21:25:19 WARN  no build target for: F:\Module\Software Engineering\MS_Supermarkt\backend\app\controllers\HomeController.scala
2020.06.09 21:28:10 WARN  no build tool detected in workspace 'F:\Module\Software Engineering\MS_Supermarkt'. The most common cause for this problem is that the editor was opened in the wrong working directory, for example if you use sbt then the workspace directory should contain build.sbt. 
2020.06.09 21:28:10 WARN  no build target for: F:\Module\Software Engineering\MS_Supermarkt\backend\app\controllers\HomeController.scala
2020.06.09 21:32:53 WARN  no build target for: F:\Module\Software Engineering\MS_Supermarkt\backend\app\controllers\HomeController.scala
2020.06.09 21:36:36 WARN  no build target for: F:\Module\Software Engineering\MS_Supermarkt\backend\app\controllers\HomeController.scala
2020.06.09 21:36:42 WARN  no build target for: F:\Module\Software Engineering\MS_Supermarkt\backend\app\controllers\HomeController.scala
2020.06.09 21:36:47 WARN  no build target for: F:\Module\Software Engineering\MS_Supermarkt\backend\app\controllers\HomeController.scala
2020.06.09 21:37:05 WARN  no build target for: F:\Module\Software Engineering\MS_Supermarkt\backend\app\controllers\HomeController.scala
2020.06.09 21:38:50 WARN  no build target for: F:\Module\Software Engineering\MS_Supermarkt\backend\app\controllers\HomeController.scala
2020.06.09 21:38:52 WARN  no build target for: F:\Module\Software Engineering\MS_Supermarkt\backend\app\controllers\HomeController.scala
2020.06.09 21:39:54 WARN  no build target for: F:\Module\Software Engineering\MS_Supermarkt\backend\app\controllers\HomeController.scala
2020.06.09 21:43:29 WARN  no build target for: F:\Module\Software Engineering\MS_Supermarkt\backend\app\controllers\HomeController.scala
2020.06.09 21:47:52 WARN  no build tool detected in workspace 'F:\Module\Software Engineering\MS_Supermarkt'. The most common cause for this problem is that the editor was opened in the wrong working directory, for example if you use sbt then the workspace directory should contain build.sbt. 
2020.06.09 21:48:07 WARN  no build target for: F:\Module\Software Engineering\MS_Supermarkt\backend\app\controllers\HomeController.scala
2020.06.09 21:52:25 WARN  no build target for: F:\Module\Software Engineering\MS_Supermarkt\backend\app\controllers\HomeController.scala
2020.06.09 21:52:38 WARN  no build tool detected in workspace 'F:\Module\Software Engineering\MS_Supermarkt'. The most common cause for this problem is that the editor was opened in the wrong working directory, for example if you use sbt then the workspace directory should contain build.sbt. 
2020.06.09 21:52:38 WARN  no build tool detected in workspace 'F:\Module\Software Engineering\MS_Supermarkt'. The most common cause for this problem is that the editor was opened in the wrong working directory, for example if you use sbt then the workspace directory should contain build.sbt. 
2020.06.09 21:52:42 WARN  no build tool detected in workspace 'F:\Module\Software Engineering\MS_Supermarkt'. The most common cause for this problem is that the editor was opened in the wrong working directory, for example if you use sbt then the workspace directory should contain build.sbt. 
2020.06.09 21:52:42 WARN  no build target for: F:\Module\Software Engineering\MS_Supermarkt\backend\app\controllers\HomeController.scala
2020.06.09 21:59:16 WARN  no build target for: F:\Module\Software Engineering\MS_Supermarkt\backend\app\controllers\HomeController.scala
2020.06.09 22:04:07 WARN  no build target for: F:\Module\Software Engineering\MS_Supermarkt\backend\app\controllers\HomeController.scala
2020.06.09 22:09:07 WARN  no build target for: F:\Module\Software Engineering\MS_Supermarkt\backend\app\controllers\HomeController.scala
2020.06.09 22:16:35 WARN  no build tool detected in workspace 'F:\Module\Software Engineering\MS_Supermarkt'. The most common cause for this problem is that the editor was opened in the wrong working directory, for example if you use sbt then the workspace directory should contain build.sbt. 
2020.06.09 22:16:37 WARN  no build tool detected in workspace 'F:\Module\Software Engineering\MS_Supermarkt'. The most common cause for this problem is that the editor was opened in the wrong working directory, for example if you use sbt then the workspace directory should contain build.sbt. 
2020.06.09 22:16:37 WARN  no build target for: F:\Module\Software Engineering\MS_Supermarkt\backend\app\controllers\HomeController.scala
2020.06.09 22:16:41 WARN  no build target for: F:\Module\Software Engineering\MS_Supermarkt\backend\app\controllers\HomeController.scala
2020.06.09 22:19:24 WARN  no build tool detected in workspace 'F:\Module\Software Engineering\MS_Supermarkt'. The most common cause for this problem is that the editor was opened in the wrong working directory, for example if you use sbt then the workspace directory should contain build.sbt. 
2020.06.09 22:19:30 WARN  no build tool detected in workspace 'F:\Module\Software Engineering\MS_Supermarkt'. The most common cause for this problem is that the editor was opened in the wrong working directory, for example if you use sbt then the workspace directory should contain build.sbt. 
2020.06.09 22:19:33 WARN  no build tool detected in workspace 'F:\Module\Software Engineering\MS_Supermarkt'. The most common cause for this problem is that the editor was opened in the wrong working directory, for example if you use sbt then the workspace directory should contain build.sbt. 
2020.06.09 22:19:49 WARN  no build tool detected in workspace 'F:\Module\Software Engineering\MS_Supermarkt'. The most common cause for this problem is that the editor was opened in the wrong working directory, for example if you use sbt then the workspace directory should contain build.sbt. 
2020.06.09 22:20:00 WARN  no build tool detected in workspace 'F:\Module\Software Engineering\MS_Supermarkt'. The most common cause for this problem is that the editor was opened in the wrong working directory, for example if you use sbt then the workspace directory should contain build.sbt. 
2020.06.09 22:20:00 WARN  no build tool detected in workspace 'F:\Module\Software Engineering\MS_Supermarkt'. The most common cause for this problem is that the editor was opened in the wrong working directory, for example if you use sbt then the workspace directory should contain build.sbt. 
2020.06.09 22:20:10 WARN  no build tool detected in workspace 'F:\Module\Software Engineering\MS_Supermarkt'. The most common cause for this problem is that the editor was opened in the wrong working directory, for example if you use sbt then the workspace directory should contain build.sbt. 
2020.06.09 22:20:10 WARN  no build tool detected in workspace 'F:\Module\Software Engineering\MS_Supermarkt'. The most common cause for this problem is that the editor was opened in the wrong working directory, for example if you use sbt then the workspace directory should contain build.sbt. 
2020.06.09 22:20:10 WARN  no build tool detected in workspace 'F:\Module\Software Engineering\MS_Supermarkt'. The most common cause for this problem is that the editor was opened in the wrong working directory, for example if you use sbt then the workspace directory should contain build.sbt. 
2020.06.09 22:20:50 WARN  no build target for: F:\Module\Software Engineering\MS_Supermarkt\backend\app\controllers\HomeController.scala
2020.06.09 22:20:54 WARN  no build tool detected in workspace 'F:\Module\Software Engineering\MS_Supermarkt'. The most common cause for this problem is that the editor was opened in the wrong working directory, for example if you use sbt then the workspace directory should contain build.sbt. 
2020.06.09 22:20:54 WARN  no build tool detected in workspace 'F:\Module\Software Engineering\MS_Supermarkt'. The most common cause for this problem is that the editor was opened in the wrong working directory, for example if you use sbt then the workspace directory should contain build.sbt. 
2020.06.09 22:20:54 WARN  no build target for: F:\Module\Software Engineering\MS_Supermarkt\backend\app\controllers\HomeController.scala
2020.06.09 22:20:54 WARN  no build tool detected in workspace 'F:\Module\Software Engineering\MS_Supermarkt'. The most common cause for this problem is that the editor was opened in the wrong working directory, for example if you use sbt then the workspace directory should contain build.sbt. 
2020.06.09 22:22:54 WARN  no build tool detected in workspace 'F:\Module\Software Engineering\MS_Supermarkt'. The most common cause for this problem is that the editor was opened in the wrong working directory, for example if you use sbt then the workspace directory should contain build.sbt. 
2020.06.09 22:22:54 WARN  no build tool detected in workspace 'F:\Module\Software Engineering\MS_Supermarkt'. The most common cause for this problem is that the editor was opened in the wrong working directory, for example if you use sbt then the workspace directory should contain build.sbt. 
2020.06.09 22:25:06 WARN  no build target for: F:\Module\Software Engineering\MS_Supermarkt\backend\app\controllers\HomeController.scala
2020.06.09 22:25:22 WARN  no build target for: F:\Module\Software Engineering\MS_Supermarkt\backend\app\controllers\HomeController.scala
2020.06.09 22:26:23 WARN  no build tool detected in workspace 'F:\Module\Software Engineering\MS_Supermarkt'. The most common cause for this problem is that the editor was opened in the wrong working directory, for example if you use sbt then the workspace directory should contain build.sbt. 
2020.06.09 22:28:54 WARN  no build tool detected in workspace 'F:\Module\Software Engineering\MS_Supermarkt'. The most common cause for this problem is that the editor was opened in the wrong working directory, for example if you use sbt then the workspace directory should contain build.sbt. 
2020.06.09 22:29:14 WARN  no build target for: F:\Module\Software Engineering\MS_Supermarkt\backend\app\controllers\HomeController.scala
2020.06.09 22:29:20 WARN  no build tool detected in workspace 'F:\Module\Software Engineering\MS_Supermarkt'. The most common cause for this problem is that the editor was opened in the wrong working directory, for example if you use sbt then the workspace directory should contain build.sbt. 
2020.06.09 22:29:20 WARN  no build target for: F:\Module\Software Engineering\MS_Supermarkt\backend\app\controllers\HomeController.scala
2020.06.09 22:29:20 WARN  no build tool detected in workspace 'F:\Module\Software Engineering\MS_Supermarkt'. The most common cause for this problem is that the editor was opened in the wrong working directory, for example if you use sbt then the workspace directory should contain build.sbt. 
2020.06.09 22:35:20 WARN  no build tool detected in workspace 'F:\Module\Software Engineering\MS_Supermarkt'. The most common cause for this problem is that the editor was opened in the wrong working directory, for example if you use sbt then the workspace directory should contain build.sbt. 
2020.06.09 22:35:21 WARN  no build target for: F:\Module\Software Engineering\MS_Supermarkt\backend\app\controllers\HomeController.scala
2020.06.09 22:37:18 WARN  no build target for: F:\Module\Software Engineering\MS_Supermarkt\backend\app\controllers\HomeController.scala
2020.06.09 22:37:20 WARN  no build tool detected in workspace 'F:\Module\Software Engineering\MS_Supermarkt'. The most common cause for this problem is that the editor was opened in the wrong working directory, for example if you use sbt then the workspace directory should contain build.sbt. 
2020.06.09 22:37:20 WARN  no build target for: F:\Module\Software Engineering\MS_Supermarkt\backend\app\controllers\HomeController.scala
2020.06.09 22:37:47 WARN  no build tool detected in workspace 'F:\Module\Software Engineering\MS_Supermarkt'. The most common cause for this problem is that the editor was opened in the wrong working directory, for example if you use sbt then the workspace directory should contain build.sbt. 
2020.06.09 22:37:49 WARN  no build target for: F:\Module\Software Engineering\MS_Supermarkt\backend\app\controllers\HomeController.scala
2020.06.09 22:43:43 WARN  no build target for: F:\Module\Software Engineering\MS_Supermarkt\backend\app\controllers\HomeController.scala
Juni 09, 2020 10:50:48 NACHM. org.eclipse.lsp4j.jsonrpc.RemoteEndpoint handleCancellation
WARNING: Unmatched cancel notification for request id 7239
2020.06.09 22:53:43 WARN  no build target for: F:\Module\Software Engineering\MS_Supermarkt\backend\app\controllers\HomeController.scala
2020.06.09 22:53:51 WARN  no build target for: F:\Module\Software Engineering\MS_Supermarkt\backend\app\controllers\HomeController.scala
2020.06.09 23:01:59 WARN  no build tool detected in workspace 'F:\Module\Software Engineering\MS_Supermarkt'. The most common cause for this problem is that the editor was opened in the wrong working directory, for example if you use sbt then the workspace directory should contain build.sbt. 
2020.06.09 23:01:59 WARN  no build tool detected in workspace 'F:\Module\Software Engineering\MS_Supermarkt'. The most common cause for this problem is that the editor was opened in the wrong working directory, for example if you use sbt then the workspace directory should contain build.sbt. 
2020.06.09 23:01:59 WARN  no build target for: F:\Module\Software Engineering\MS_Supermarkt\backend\app\controllers\HomeController.scala
2020.06.09 23:02:08 WARN  no build tool detected in workspace 'F:\Module\Software Engineering\MS_Supermarkt'. The most common cause for this problem is that the editor was opened in the wrong working directory, for example if you use sbt then the workspace directory should contain build.sbt. 
2020.06.09 23:02:08 WARN  no build tool detected in workspace 'F:\Module\Software Engineering\MS_Supermarkt'. The most common cause for this problem is that the editor was opened in the wrong working directory, for example if you use sbt then the workspace directory should contain build.sbt. 
2020.06.09 23:02:09 WARN  no build tool detected in workspace 'F:\Module\Software Engineering\MS_Supermarkt'. The most common cause for this problem is that the editor was opened in the wrong working directory, for example if you use sbt then the workspace directory should contain build.sbt. 
2020.06.09 23:02:11 WARN  no build tool detected in workspace 'F:\Module\Software Engineering\MS_Supermarkt'. The most common cause for this problem is that the editor was opened in the wrong working directory, for example if you use sbt then the workspace directory should contain build.sbt. 
2020.06.09 23:02:11 WARN  no build tool detected in workspace 'F:\Module\Software Engineering\MS_Supermarkt'. The most common cause for this problem is that the editor was opened in the wrong working directory, for example if you use sbt then the workspace directory should contain build.sbt. 
2020.06.09 23:02:12 WARN  no build tool detected in workspace 'F:\Module\Software Engineering\MS_Supermarkt'. The most common cause for this problem is that the editor was opened in the wrong working directory, for example if you use sbt then the workspace directory should contain build.sbt. 
2020.06.09 23:02:12 WARN  no build tool detected in workspace 'F:\Module\Software Engineering\MS_Supermarkt'. The most common cause for this problem is that the editor was opened in the wrong working directory, for example if you use sbt then the workspace directory should contain build.sbt. 
2020.06.09 23:02:17 WARN  no build tool detected in workspace 'F:\Module\Software Engineering\MS_Supermarkt'. The most common cause for this problem is that the editor was opened in the wrong working directory, for example if you use sbt then the workspace directory should contain build.sbt. 
2020.06.09 23:02:17 WARN  no build tool detected in workspace 'F:\Module\Software Engineering\MS_Supermarkt'. The most common cause for this problem is that the editor was opened in the wrong working directory, for example if you use sbt then the workspace directory should contain build.sbt. 
2020.06.09 23:06:05 WARN  no build tool detected in workspace 'F:\Module\Software Engineering\MS_Supermarkt'. The most common cause for this problem is that the editor was opened in the wrong working directory, for example if you use sbt then the workspace directory should contain build.sbt. 
2020.06.09 23:06:05 WARN  no build tool detected in workspace 'F:\Module\Software Engineering\MS_Supermarkt'. The most common cause for this problem is that the editor was opened in the wrong working directory, for example if you use sbt then the workspace directory should contain build.sbt. 
2020.06.09 23:06:10 WARN  no build tool detected in workspace 'F:\Module\Software Engineering\MS_Supermarkt'. The most common cause for this problem is that the editor was opened in the wrong working directory, for example if you use sbt then the workspace directory should contain build.sbt. 
2020.06.09 23:06:10 WARN  no build tool detected in workspace 'F:\Module\Software Engineering\MS_Supermarkt'. The most common cause for this problem is that the editor was opened in the wrong working directory, for example if you use sbt then the workspace directory should contain build.sbt. 
2020.06.09 23:06:11 WARN  no build tool detected in workspace 'F:\Module\Software Engineering\MS_Supermarkt'. The most common cause for this problem is that the editor was opened in the wrong working directory, for example if you use sbt then the workspace directory should contain build.sbt. 
2020.06.09 23:06:11 WARN  no build tool detected in workspace 'F:\Module\Software Engineering\MS_Supermarkt'. The most common cause for this problem is that the editor was opened in the wrong working directory, for example if you use sbt then the workspace directory should contain build.sbt. 
2020.06.09 23:06:12 WARN  no build tool detected in workspace 'F:\Module\Software Engineering\MS_Supermarkt'. The most common cause for this problem is that the editor was opened in the wrong working directory, for example if you use sbt then the workspace directory should contain build.sbt. 
2020.06.09 23:06:12 WARN  no build tool detected in workspace 'F:\Module\Software Engineering\MS_Supermarkt'. The most common cause for this problem is that the editor was opened in the wrong working directory, for example if you use sbt then the workspace directory should contain build.sbt. 
2020.06.09 23:06:14 WARN  no build tool detected in workspace 'F:\Module\Software Engineering\MS_Supermarkt'. The most common cause for this problem is that the editor was opened in the wrong working directory, for example if you use sbt then the workspace directory should contain build.sbt. 
2020.06.09 23:06:14 WARN  no build tool detected in workspace 'F:\Module\Software Engineering\MS_Supermarkt'. The most common cause for this problem is that the editor was opened in the wrong working directory, for example if you use sbt then the workspace directory should contain build.sbt. 
2020.06.09 23:06:14 WARN  no build tool detected in workspace 'F:\Module\Software Engineering\MS_Supermarkt'. The most common cause for this problem is that the editor was opened in the wrong working directory, for example if you use sbt then the workspace directory should contain build.sbt. 
2020.06.09 23:06:15 WARN  no build tool detected in workspace 'F:\Module\Software Engineering\MS_Supermarkt'. The most common cause for this problem is that the editor was opened in the wrong working directory, for example if you use sbt then the workspace directory should contain build.sbt. 
2020.06.09 23:06:17 WARN  no build tool detected in workspace 'F:\Module\Software Engineering\MS_Supermarkt'. The most common cause for this problem is that the editor was opened in the wrong working directory, for example if you use sbt then the workspace directory should contain build.sbt. 
2020.06.09 23:06:17 WARN  no build tool detected in workspace 'F:\Module\Software Engineering\MS_Supermarkt'. The most common cause for this problem is that the editor was opened in the wrong working directory, for example if you use sbt then the workspace directory should contain build.sbt. 
2020.06.09 23:06:18 WARN  no build tool detected in workspace 'F:\Module\Software Engineering\MS_Supermarkt'. The most common cause for this problem is that the editor was opened in the wrong working directory, for example if you use sbt then the workspace directory should contain build.sbt. 
2020.06.09 23:06:18 WARN  no build tool detected in workspace 'F:\Module\Software Engineering\MS_Supermarkt'. The most common cause for this problem is that the editor was opened in the wrong working directory, for example if you use sbt then the workspace directory should contain build.sbt. 
2020.06.09 23:07:04 WARN  no build target for: F:\Module\Software Engineering\MS_Supermarkt\backend\app\controllers\HomeController.scala
2020.06.09 23:07:41 WARN  no build target for: F:\Module\Software Engineering\MS_Supermarkt\backend\app\controllers\HomeController.scala
2020.06.09 23:10:57 WARN  no build target for: F:\Module\Software Engineering\MS_Supermarkt\backend\app\controllers\HomeController.scala
2020.06.09 23:11:40 WARN  no build tool detected in workspace 'F:\Module\Software Engineering\MS_Supermarkt'. The most common cause for this problem is that the editor was opened in the wrong working directory, for example if you use sbt then the workspace directory should contain build.sbt. 
2020.06.09 23:15:47 WARN  no build target for: F:\Module\Software Engineering\MS_Supermarkt\backend\app\controllers\HomeController.scala
2020.06.09 23:42:18 WARN  no build tool detected in workspace 'F:\Module\Software Engineering\MS_Supermarkt'. The most common cause for this problem is that the editor was opened in the wrong working directory, for example if you use sbt then the workspace directory should contain build.sbt. 
2020.06.10 00:06:59 WARN  no build target for: F:\Module\Software Engineering\MS_Supermarkt\backend\app\controllers\HomeController.scala
2020.06.10 00:07:01 WARN  no build target for: F:\Module\Software Engineering\MS_Supermarkt\backend\app\controllers\HomeController.scala
2020.06.10 00:07:19 WARN  no build tool detected in workspace 'F:\Module\Software Engineering\MS_Supermarkt'. The most common cause for this problem is that the editor was opened in the wrong working directory, for example if you use sbt then the workspace directory should contain build.sbt. 
2020.06.10 00:07:28 WARN  no build target for: F:\Module\Software Engineering\MS_Supermarkt\backend\app\controllers\HomeController.scala
2020.06.10 00:12:41 WARN  no build target for: F:\Module\Software Engineering\MS_Supermarkt\backend\app\controllers\HomeController.scala
2020.06.10 00:12:43 INFO  shutting down Metals
